\BOOKMARK [1][]{section.1}{\376\377\227\131\165\065\127\072\000\040\000\050\000E\000l\000e\000c\000t\000r\000o\000s\000t\000a\000t\000i\000c\000s\000\051}{}% 1
\BOOKMARK [2][]{subsection.1.1}{\376\377\232\330\145\257\133\232\137\213\000\040\000\050\000G\000a\000u\000s\000s\000'\000s\000\040\000L\000a\000w\000\051}{section.1}% 2
\BOOKMARK [2][]{subsection.1.2}{\376\377\227\131\165\065\127\072\166\204\163\257\215\357\133\232\137\213}{section.1}% 3
\BOOKMARK [1][]{section.2}{\376\377\227\131\170\301\127\072\000\040\000\050\000M\000a\000g\000n\000e\000t\000o\000s\000t\000a\000t\000i\000c\000s\000\051}{}% 4
\BOOKMARK [2][]{subsection.2.1}{\376\377\165\065\203\167\133\210\140\122\116\016\217\336\176\355\140\047\145\271\172\013}{section.2}% 5
\BOOKMARK [2][]{subsection.2.2}{\376\377\153\325\131\145\000-\204\050\117\020\134\024\133\232\137\213\000\040\000\050\000B\000i\000o\000t\000-\000S\000a\000v\000a\000r\000t\000\040\000L\000a\000w\000\051}{section.2}% 6
\BOOKMARK [2][]{subsection.2.3}{\376\377\133\211\127\371\163\257\215\357\133\232\137\213\000\040\000\050\000\040\000A\000m\000p\000\350\000r\000e\000'\000s\000\040\000c\000i\000r\000c\000u\000i\000t\000a\000l\000\040\000l\000a\000w\000\051}{section.2}% 7
\BOOKMARK [1][]{section.3}{\376\377\165\065\170\301\141\037\136\224\000\040\000\050\000E\000l\000e\000c\000t\000r\000o\000m\000a\000g\000n\000e\000t\000i\000c\000\040\000I\000n\000d\000u\000c\000t\000i\000o\000n\000\051}{}% 8
\BOOKMARK [2][]{subsection.3.1}{\376\377\154\325\142\311\173\054\165\065\170\301\141\037\136\224\133\232\137\213\000\040\000\050\000F\000a\000r\000a\000d\000a\000y\000'\000s\000\040\000L\000a\000w\000\040\000o\000f\000\040\000I\000n\000d\000u\000c\000t\000i\000o\000n\000\051}{section.3}% 9
\BOOKMARK [2][]{subsection.3.2}{\376\377\133\211\127\371\163\257\215\357\133\232\137\213\166\204\117\356\153\143\377\032\117\115\171\373\165\065\155\101}{section.3}% 10
\BOOKMARK [1][]{section.4}{\376\377\116\313\215\050\116\055\166\204\236\246\121\113\145\257\227\346\145\271\172\013\176\304}{}% 11
\BOOKMARK [2][]{subsection.4.1}{\376\377\217\205\122\251\127\072}{section.4}% 12
\BOOKMARK [2][]{subsection.4.2}{\376\377\133\217\211\302\236\246\121\113\145\257\227\346\145\271\172\013\176\304}{section.4}% 13
\BOOKMARK [2][]{subsection.4.3}{\376\377\165\065\170\301\127\072\166\204\217\271\165\114\147\141\116\366}{section.4}% 14
\BOOKMARK [1][]{section.5}{\376\377\116\313\215\050\116\055\166\204\165\065\170\301\127\072}{}% 15
\BOOKMARK [2][]{subsection.5.1}{\376\377\213\361\133\374\120\166\147\201\133\120\116\016\165\065\147\201\123\026}{section.5}% 16
\BOOKMARK [2][]{subsection.5.2}{\376\377\147\201\123\026\116\313\215\050\116\247\165\037\166\204\165\065\127\072}{section.5}% 17
\BOOKMARK [2][]{subsection.5.3}{\376\377\165\065\117\115\171\373\167\342\221\317}{section.5}% 18
\BOOKMARK [1][]{section.6}{\376\377\170\301\116\313\215\050\116\055\166\204\170\301\127\072}{}% 19
\BOOKMARK [2][]{subsection.6.1}{\376\377\170\301\120\166\147\201\133\120\116\016\170\301\123\026\137\072\136\246}{section.6}% 20
\BOOKMARK [2][]{subsection.6.2}{\376\377\170\301\123\026\116\313\215\050\116\247\165\037\166\204\170\301\127\072}{section.6}% 21
\BOOKMARK [2][]{subsection.6.3}{\376\377\217\205\122\251\170\301\127\072}{section.6}% 22
\BOOKMARK [1][]{section.7}{\376\377\116\313\215\050\116\244\165\114\227\142\116\012\166\204\217\271\165\114\147\141\116\366}{}% 23
\BOOKMARK [2][]{subsection.7.1}{\376\377\227\131\165\065\127\072\166\204\217\271\165\114\147\141\116\366}{section.7}% 24
\BOOKMARK [2][]{subsection.7.2}{\376\377\227\131\170\301\127\072\166\204\217\271\165\114\147\141\116\366}{section.7}% 25
\BOOKMARK [1][]{section.8}{\376\377\165\065\170\301\127\072\166\204\200\375\221\317\116\016\122\250\221\317}{}% 26
\BOOKMARK [2][]{subsection.8.1}{\376\377\165\065\170\301\127\072\166\204\200\375\221\317}{section.8}% 27
\BOOKMARK [2][]{subsection.8.2}{\376\377\165\065\170\301\127\072\166\204\122\250\221\317}{section.8}% 28
\BOOKMARK [2][]{subsection.8.3}{\376\377\136\163\227\142\165\065\170\301\154\342\166\204\200\375\221\317\116\016\122\250\221\317}{section.8}% 29
\BOOKMARK [2][]{subsection.8.4}{\376\377\217\220\134\004\123\213}{section.8}% 30
\BOOKMARK [1][]{section.9}{\376\377\165\065\170\301\154\342}{}% 31
\BOOKMARK [2][]{subsection.9.1}{\376\377\167\037\172\172\116\055\166\204\165\065\170\301\154\342}{section.9}% 32
\BOOKMARK [2][]{subsection.9.2}{\376\377\123\125\202\162\154\342\377\010\145\366\214\020\165\065\170\301\154\342\377\011}{section.9}% 33
\BOOKMARK [2][]{subsection.9.3}{\376\377\165\065\170\301\154\342\127\050\116\313\215\050\122\006\165\114\227\142\116\012\166\204\210\114\116\072}{section.9}% 34
\BOOKMARK [3][]{subsubsection.9.3.1}{\376\377\203\362\155\205\134\024\145\271\172\013}{subsection.9.3}% 35
\BOOKMARK [2][]{subsection.9.4}{\376\377\121\150\123\315\134\004}{section.9}% 36
\BOOKMARK [2][]{subsection.9.5}{\376\377\133\374\117\123\116\055\166\204\165\065\170\301\154\342}{section.9}% 37
\BOOKMARK [2][]{subsection.9.6}{\376\377\154\342\133\374}{section.9}% 38
\BOOKMARK [2][]{subsection.9.7}{\376\377\214\020\143\057\201\124}{section.9}% 39
\BOOKMARK [1][]{section.10}{\376\377\227\131\165\065\127\072\116\016\227\131\170\301\127\072}{}% 40
\BOOKMARK [2][]{subsection.10.1}{\376\377\227\131\165\065\127\072\166\204\127\372\147\054\145\271\172\013\116\016\165\065\122\277}{section.10}% 41
\BOOKMARK [3][]{subsubsection.10.1.1}{\376\377\176\277\140\047\116\313\215\050\116\055\166\204\227\131\165\065\127\072}{subsection.10.1}% 42
\BOOKMARK [3][]{subsubsection.10.1.2}{\376\377\217\271\165\114\147\141\116\366}{subsection.10.1}% 43
\BOOKMARK [3][]{subsubsection.10.1.3}{\376\377\227\131\165\065\127\072\200\375\221\317}{subsection.10.1}% 44
\BOOKMARK [2][]{subsection.10.2}{\376\377\125\057\116\000\140\047\133\232\164\006}{section.10}% 45
\BOOKMARK [2][]{subsection.10.3}{\376\377\165\065\131\032\147\201\134\125\137\000}{section.10}% 46
\BOOKMARK [3][]{subsubsection.10.3.1}{\376\377\165\065\203\167\117\123\174\373\127\050\131\026\127\072\116\055\166\204\200\375\221\317}{subsection.10.3}% 47
\BOOKMARK [1][]{section.11}{\376\377\227\131\170\301\127\072}{}% 48
\BOOKMARK [2][]{subsection.11.1}{\376\377\170\301\167\342\122\277}{section.11}% 49
\BOOKMARK [3][]{subsubsection.11.1.1}{\376\377\211\304\203\003\201\352\165\061\136\246\116\016\136\223\116\321\211\304\203\003}{subsection.11.1}% 50
\BOOKMARK [3][]{subsubsection.11.1.2}{\376\377\170\301\167\342\122\277\166\204\171\357\122\006\137\142\137\017}{subsection.11.1}% 51
\BOOKMARK [3][]{subsubsection.11.1.3}{\376\377\217\271\165\114\147\141\116\366}{subsection.11.1}% 52
\BOOKMARK [2][]{subsection.11.2}{\376\377\170\301\131\032\147\201\134\125\137\000}{section.11}% 53
\BOOKMARK [3][]{subsubsection.11.2.1}{\376\377\170\301\120\166\147\201\133\120\166\204\170\301\127\072}{subsection.11.2}% 54
\BOOKMARK [2][]{subsection.11.3}{\376\377\170\301\127\072\200\375\221\317}{section.11}% 55
\BOOKMARK [3][]{subsubsection.11.3.1}{\376\377\166\370\116\222\117\134\165\050\200\375}{subsection.11.3}% 56
\BOOKMARK [1][]{section.12}{\376\377\165\065\170\301\154\342\217\220\134\004}{}% 57
\BOOKMARK [2][]{subsection.12.1}{\376\377\167\037\172\172\116\055\166\204\236\246\121\113\145\257\227\346\145\271\172\013\116\016\165\065\170\301\122\277}{section.12}% 58
\BOOKMARK [2][]{subsection.12.2}{\376\377\165\065\170\301\122\277\166\204\154\342\122\250\145\271\172\013\116\016\211\304\203\003\220\011\142\351}{section.12}% 59
\BOOKMARK [2][]{subsection.12.3}{\376\377\143\250\217\337\122\277}{section.12}% 60
\BOOKMARK [2][]{subsection.12.4}{\376\377\165\065\170\301\217\220\134\004}{section.12}% 61
\BOOKMARK [2][]{subsection.12.5}{\376\377\131\032\147\201\134\125\137\000\116\016\165\065\120\166\147\201\217\220\134\004}{section.12}% 62
\BOOKMARK [3][]{subsubsection.12.5.1}{\376\377\226\366\226\066\230\171\377\032\165\065\120\166\147\201\217\220\134\004}{subsection.12.5}% 63
\BOOKMARK [3][]{subsubsection.12.5.2}{\376\377\116\000\226\066\230\171\377\032\170\301\120\166\147\201\116\016\165\065\126\333\147\201\217\220\134\004}{subsection.12.5}% 64
\BOOKMARK [1][]{section.13}{\376\377\166\370\133\371\213\272\165\065\122\250\122\233\133\146}{}% 65
\BOOKMARK [2][]{subsection.13.1}{\376\377\145\366\172\172\176\323\147\204}{section.13}% 66
\BOOKMARK [2][]{subsection.13.2}{\376\377\166\370\133\371\213\272\122\233\133\146}{section.13}% 67
\BOOKMARK [3][]{subsubsection.13.2.1}{\376\377\126\372\147\011\145\366}{subsection.13.2}% 68
\BOOKMARK [2][]{subsection.13.3}{\376\377\166\370\133\371\213\272\122\250\221\317\124\214\200\375\221\317}{section.13}% 69
\BOOKMARK [2][]{subsection.13.4}{\376\377\166\370\133\371\213\272\217\320\122\250\133\146\136\224\165\050}{section.13}% 70
\BOOKMARK [2][]{subsection.13.5}{\376\377\166\370\133\371\213\272\122\250\122\233\133\146}{section.13}% 71
\BOOKMARK [2][]{subsection.13.6}{\376\377\166\370\133\371\213\272\165\065\122\250\122\233\133\146}{section.13}% 72
\BOOKMARK [3][]{subsubsection.13.6.1}{\376\377\165\065\170\301\127\072\137\040\221\317}{subsection.13.6}% 73
\BOOKMARK [3][]{subsubsection.13.6.2}{\376\377\123\117\123\330\137\142\137\017\166\204\236\246\121\113\145\257\227\346\145\271\172\013\176\304}{subsection.13.6}% 74
\BOOKMARK [3][]{subsubsection.13.6.3}{\376\377\155\033\117\046\121\171\122\233}{subsection.13.6}% 75
\BOOKMARK [2][]{subsection.13.7}{\376\377\165\065\170\301\122\277\124\214\211\304\203\003\123\330\143\142}{section.13}% 76
\BOOKMARK [3][]{subsubsection.13.7.1}{\376\377\166\370\133\371\213\272\131\032\146\156\122\322\145\110\136\224\124\214\121\111\210\114\135\356}{subsection.13.7}% 77
